{"C:\\Users\\Gaby\\ReactNative\\my-app\\.eslintrc.js": {"path":"C:\\Users\\Gaby\\ReactNative\\my-app\\.eslintrc.js","statementMap":{"0":{"start":{"line":1,"column":0},"end":{"line":43,"column":4}}},"fnMap":{},"branchMap":{},"s":{"0":0},"f":{},"b":{}}
,"C:\\Users\\Gaby\\ReactNative\\my-app\\api\\apiClient.tsx": {"path":"C:\\Users\\Gaby\\ReactNative\\my-app\\api\\apiClient.tsx","statementMap":{"0":{"start":{"line":3,"column":18},"end":{"line":8,"column":2}}},"fnMap":{},"branchMap":{},"s":{"0":1},"f":{},"b":{},"_coverageSchema":"1a1c01bbd47fc00a2c39e90264f33305004495a9","hash":"b5ff91c9e91b7d16fed28d34d35275fc50bde536"}
,"C:\\Users\\Gaby\\ReactNative\\my-app\\api\\asyncStorage.tsx": {"path":"C:\\Users\\Gaby\\ReactNative\\my-app\\api\\asyncStorage.tsx","statementMap":{"0":{"start":{"line":4,"column":20},"end":{"line":4,"column":38}},"1":{"start":{"line":6,"column":35},"end":{"line":14,"column":1}},"2":{"start":{"line":7,"column":2},"end":{"line":7,"column":62}},"3":{"start":{"line":8,"column":2},"end":{"line":13,"column":3}},"4":{"start":{"line":9,"column":22},"end":{"line":9,"column":45}},"5":{"start":{"line":10,"column":4},"end":{"line":10,"column":55}},"6":{"start":{"line":12,"column":4},"end":{"line":12,"column":54}},"7":{"start":{"line":16,"column":35},"end":{"line":26,"column":1}},"8":{"start":{"line":18,"column":2},"end":{"line":24,"column":3}},"9":{"start":{"line":19,"column":22},"end":{"line":19,"column":61}},"10":{"start":{"line":20,"column":4},"end":{"line":20,"column":71}},"11":{"start":{"line":22,"column":4},"end":{"line":22,"column":55}},"12":{"start":{"line":23,"column":4},"end":{"line":23,"column":26}},"13":{"start":{"line":25,"column":2},"end":{"line":25,"column":24}}},"fnMap":{"0":{"name":"(anonymous_0)","decl":{"start":{"line":6,"column":35},"end":{"line":6,"column":36}},"loc":{"start":{"line":6,"column":71},"end":{"line":14,"column":1}},"line":6},"1":{"name":"(anonymous_1)","decl":{"start":{"line":16,"column":35},"end":{"line":16,"column":36}},"loc":{"start":{"line":16,"column":80},"end":{"line":26,"column":1}},"line":16}},"branchMap":{"0":{"loc":{"start":{"line":20,"column":21},"end":{"line":20,"column":70}},"type":"cond-expr","locations":[{"start":{"line":20,"column":42},"end":{"line":20,"column":63}},{"start":{"line":20,"column":66},"end":{"line":20,"column":70}}],"line":20}},"s":{"0":0,"1":0,"2":0,"3":0,"4":0,"5":0,"6":0,"7":0,"8":0,"9":0,"10":0,"11":0,"12":0,"13":0},"f":{"0":0,"1":0},"b":{"0":[0,0]}}
,"C:\\Users\\Gaby\\ReactNative\\my-app\\api\\index.tsx": {"path":"C:\\Users\\Gaby\\ReactNative\\my-app\\api\\index.tsx","statementMap":{},"fnMap":{},"branchMap":{},"s":{},"f":{},"b":{}}
,"C:\\Users\\Gaby\\ReactNative\\my-app\\api\\pokemonApi.tsx": {"path":"C:\\Users\\Gaby\\ReactNative\\my-app\\api\\pokemonApi.tsx","statementMap":{"0":{"start":{"line":8,"column":30},"end":{"line":10,"column":1}},"1":{"start":{"line":9,"column":2},"end":{"line":9,"column":18}},"2":{"start":{"line":12,"column":33},"end":{"line":25,"column":1}},"3":{"start":{"line":16,"column":2},"end":{"line":24,"column":3}},"4":{"start":{"line":17,"column":40},"end":{"line":19,"column":5}},"5":{"start":{"line":20,"column":4},"end":{"line":20,"column":33}},"6":{"start":{"line":22,"column":4},"end":{"line":22,"column":57}},"7":{"start":{"line":23,"column":4},"end":{"line":23,"column":16}},"8":{"start":{"line":27,"column":32},"end":{"line":37,"column":1}},"9":{"start":{"line":30,"column":2},"end":{"line":36,"column":3}},"10":{"start":{"line":31,"column":44},"end":{"line":31,"column":79}},"11":{"start":{"line":32,"column":4},"end":{"line":32,"column":25}},"12":{"start":{"line":34,"column":4},"end":{"line":34,"column":57}},"13":{"start":{"line":35,"column":4},"end":{"line":35,"column":16}},"14":{"start":{"line":39,"column":37},"end":{"line":56,"column":1}},"15":{"start":{"line":42,"column":2},"end":{"line":55,"column":3}},"16":{"start":{"line":43,"column":35},"end":{"line":43,"column":68}},"17":{"start":{"line":45,"column":61},"end":{"line":47,"column":5}},"18":{"start":{"line":46,"column":28},"end":{"line":46,"column":57}},"19":{"start":{"line":50,"column":6},"end":{"line":50,"column":45}},"20":{"start":{"line":51,"column":4},"end":{"line":51,"column":38}},"21":{"start":{"line":53,"column":4},"end":{"line":53,"column":50}},"22":{"start":{"line":54,"column":4},"end":{"line":54,"column":16}}},"fnMap":{"0":{"name":"(anonymous_0)","decl":{"start":{"line":8,"column":30},"end":{"line":8,"column":31}},"loc":{"start":{"line":8,"column":47},"end":{"line":10,"column":1}},"line":8},"1":{"name":"(anonymous_1)","decl":{"start":{"line":12,"column":33},"end":{"line":12,"column":34}},"loc":{"start":{"line":15,"column":25},"end":{"line":25,"column":1}},"line":15},"2":{"name":"(anonymous_2)","decl":{"start":{"line":27,"column":32},"end":{"line":27,"column":33}},"loc":{"start":{"line":29,"column":31},"end":{"line":37,"column":1}},"line":29},"3":{"name":"(anonymous_3)","decl":{"start":{"line":39,"column":37},"end":{"line":39,"column":38}},"loc":{"start":{"line":41,"column":33},"end":{"line":56,"column":1}},"line":41},"4":{"name":"(anonymous_4)","decl":{"start":{"line":46,"column":6},"end":{"line":46,"column":7}},"loc":{"start":{"line":46,"column":28},"end":{"line":46,"column":57}},"line":46}},"branchMap":{"0":{"loc":{"start":{"line":13,"column":2},"end":{"line":13,"column":20}},"type":"default-arg","locations":[{"start":{"line":13,"column":18},"end":{"line":13,"column":20}}],"line":13},"1":{"loc":{"start":{"line":14,"column":2},"end":{"line":14,"column":18}},"type":"default-arg","locations":[{"start":{"line":14,"column":17},"end":{"line":14,"column":18}}],"line":14},"2":{"loc":{"start":{"line":51,"column":11},"end":{"line":51,"column":37}},"type":"binary-expr","locations":[{"start":{"line":51,"column":11},"end":{"line":51,"column":31}},{"start":{"line":51,"column":35},"end":{"line":51,"column":37}}],"line":51}},"s":{"0":1,"1":2,"2":1,"3":2,"4":2,"5":1,"6":1,"7":1,"8":1,"9":2,"10":2,"11":1,"12":1,"13":1,"14":1,"15":0,"16":0,"17":0,"18":0,"19":0,"20":0,"21":0,"22":0},"f":{"0":2,"1":2,"2":2,"3":0,"4":0},"b":{"0":[0],"1":[0],"2":[0,0]},"_coverageSchema":"1a1c01bbd47fc00a2c39e90264f33305004495a9","hash":"40543d67fd288fb7dea314181589e4ac5cb62d52"}
,"C:\\Users\\Gaby\\ReactNative\\my-app\\app\\_layout.tsx": {"path":"C:\\Users\\Gaby\\ReactNative\\my-app\\app\\_layout.tsx","statementMap":{"0":{"start":{"line":12,"column":0},"end":{"line":12,"column":36}},"1":{"start":{"line":15,"column":22},"end":{"line":15,"column":38}},"2":{"start":{"line":16,"column":19},"end":{"line":18,"column":4}},"3":{"start":{"line":20,"column":2},"end":{"line":24,"column":15}},"4":{"start":{"line":21,"column":4},"end":{"line":23,"column":5}},"5":{"start":{"line":22,"column":6},"end":{"line":22,"column":31}},"6":{"start":{"line":26,"column":2},"end":{"line":28,"column":3}},"7":{"start":{"line":27,"column":4},"end":{"line":27,"column":16}},"8":{"start":{"line":30,"column":2},"end":{"line":38,"column":4}}},"fnMap":{"0":{"name":"RootLayout","decl":{"start":{"line":14,"column":24},"end":{"line":14,"column":34}},"loc":{"start":{"line":14,"column":37},"end":{"line":39,"column":1}},"line":14},"1":{"name":"(anonymous_1)","decl":{"start":{"line":20,"column":12},"end":{"line":20,"column":13}},"loc":{"start":{"line":20,"column":18},"end":{"line":24,"column":3}},"line":20}},"branchMap":{"0":{"loc":{"start":{"line":21,"column":4},"end":{"line":23,"column":5}},"type":"if","locations":[{"start":{"line":21,"column":4},"end":{"line":23,"column":5}},{"start":{},"end":{}}],"line":21},"1":{"loc":{"start":{"line":26,"column":2},"end":{"line":28,"column":3}},"type":"if","locations":[{"start":{"line":26,"column":2},"end":{"line":28,"column":3}},{"start":{},"end":{}}],"line":26},"2":{"loc":{"start":{"line":31,"column":26},"end":{"line":31,"column":75}},"type":"cond-expr","locations":[{"start":{"line":31,"column":51},"end":{"line":31,"column":60}},{"start":{"line":31,"column":63},"end":{"line":31,"column":75}}],"line":31}},"s":{"0":0,"1":0,"2":0,"3":0,"4":0,"5":0,"6":0,"7":0,"8":0},"f":{"0":0,"1":0},"b":{"0":[0,0],"1":[0,0],"2":[0,0]}}
,"C:\\Users\\Gaby\\ReactNative\\my-app\\app\\(tabs)\\_layout.tsx": {"path":"C:\\Users\\Gaby\\ReactNative\\my-app\\app\\(tabs)\\_layout.tsx","statementMap":{"0":{"start":{"line":12,"column":22},"end":{"line":12,"column":38}},"1":{"start":{"line":14,"column":2},"end":{"line":44,"column":4}},"2":{"start":{"line":33,"column":37},"end":{"line":33,"column":93}},"3":{"start":{"line":40,"column":37},"end":{"line":40,"column":98}}},"fnMap":{"0":{"name":"TabLayout","decl":{"start":{"line":11,"column":24},"end":{"line":11,"column":33}},"loc":{"start":{"line":11,"column":36},"end":{"line":45,"column":1}},"line":11},"1":{"name":"(anonymous_1)","decl":{"start":{"line":33,"column":22},"end":{"line":33,"column":23}},"loc":{"start":{"line":33,"column":37},"end":{"line":33,"column":93}},"line":33},"2":{"name":"(anonymous_2)","decl":{"start":{"line":40,"column":22},"end":{"line":40,"column":23}},"loc":{"start":{"line":40,"column":37},"end":{"line":40,"column":98}},"line":40}},"branchMap":{"0":{"loc":{"start":{"line":17,"column":38},"end":{"line":17,"column":60}},"type":"binary-expr","locations":[{"start":{"line":17,"column":38},"end":{"line":17,"column":49}},{"start":{"line":17,"column":53},"end":{"line":17,"column":60}}],"line":17}},"s":{"0":0,"1":0,"2":0,"3":0},"f":{"0":0,"1":0,"2":0},"b":{"0":[0,0]}}
,"C:\\Users\\Gaby\\ReactNative\\my-app\\app\\(tabs)\\currentPokemon.tsx": {"path":"C:\\Users\\Gaby\\ReactNative\\my-app\\app\\(tabs)\\currentPokemon.tsx","statementMap":{"0":{"start":{"line":12,"column":46},"end":{"line":12,"column":84}},"1":{"start":{"line":13,"column":2},"end":{"line":24,"column":4}},"2":{"start":{"line":15,"column":27},"end":{"line":20,"column":7}},"3":{"start":{"line":16,"column":24},"end":{"line":16,"column":51}},"4":{"start":{"line":17,"column":8},"end":{"line":19,"column":9}},"5":{"start":{"line":18,"column":10},"end":{"line":18,"column":37}},"6":{"start":{"line":22,"column":6},"end":{"line":22,"column":21}},"7":{"start":{"line":26,"column":2},"end":{"line":44,"column":4}},"8":{"start":{"line":47,"column":15},"end":{"line":58,"column":2}}},"fnMap":{"0":{"name":"TabTwoScreen","decl":{"start":{"line":11,"column":24},"end":{"line":11,"column":36}},"loc":{"start":{"line":11,"column":39},"end":{"line":45,"column":1}},"line":11},"1":{"name":"(anonymous_1)","decl":{"start":{"line":14,"column":16},"end":{"line":14,"column":17}},"loc":{"start":{"line":14,"column":22},"end":{"line":23,"column":5}},"line":14},"2":{"name":"(anonymous_2)","decl":{"start":{"line":15,"column":27},"end":{"line":15,"column":28}},"loc":{"start":{"line":15,"column":39},"end":{"line":20,"column":7}},"line":15}},"branchMap":{"0":{"loc":{"start":{"line":17,"column":8},"end":{"line":19,"column":9}},"type":"if","locations":[{"start":{"line":17,"column":8},"end":{"line":19,"column":9}},{"start":{},"end":{}}],"line":17},"1":{"loc":{"start":{"line":29,"column":7},"end":{"line":31,"column":7}},"type":"binary-expr","locations":[{"start":{"line":29,"column":7},"end":{"line":29,"column":21}},{"start":{"line":30,"column":8},"end":{"line":30,"column":49}}],"line":29},"2":{"loc":{"start":{"line":32,"column":7},"end":{"line":42,"column":7}},"type":"binary-expr","locations":[{"start":{"line":32,"column":7},"end":{"line":32,"column":22}},{"start":{"line":33,"column":8},"end":{"line":41,"column":15}}],"line":32}},"s":{"0":0,"1":0,"2":0,"3":0,"4":0,"5":0,"6":0,"7":0,"8":0},"f":{"0":0,"1":0,"2":0},"b":{"0":[0,0],"1":[0,0],"2":[0,0]}}
,"C:\\Users\\Gaby\\ReactNative\\my-app\\app\\(tabs)\\index.tsx": {"path":"C:\\Users\\Gaby\\ReactNative\\my-app\\app\\(tabs)\\index.tsx","statementMap":{"0":{"start":{"line":7,"column":22},"end":{"line":13,"column":1}},"1":{"start":{"line":8,"column":2},"end":{"line":12,"column":13}}},"fnMap":{"0":{"name":"(anonymous_0)","decl":{"start":{"line":7,"column":22},"end":{"line":7,"column":23}},"loc":{"start":{"line":8,"column":2},"end":{"line":12,"column":13}},"line":8}},"branchMap":{},"s":{"0":0,"1":0},"f":{"0":0},"b":{}}
,"C:\\Users\\Gaby\\ReactNative\\my-app\\components\\HapticTab.tsx": {"path":"C:\\Users\\Gaby\\ReactNative\\my-app\\components\\HapticTab.tsx","statementMap":{"0":{"start":{"line":6,"column":2},"end":{"line":17,"column":4}},"1":{"start":{"line":10,"column":8},"end":{"line":13,"column":9}},"2":{"start":{"line":12,"column":10},"end":{"line":12,"column":65}},"3":{"start":{"line":14,"column":8},"end":{"line":14,"column":30}}},"fnMap":{"0":{"name":"HapticTab","decl":{"start":{"line":5,"column":16},"end":{"line":5,"column":25}},"loc":{"start":{"line":5,"column":58},"end":{"line":18,"column":1}},"line":5},"1":{"name":"(anonymous_1)","decl":{"start":{"line":9,"column":17},"end":{"line":9,"column":18}},"loc":{"start":{"line":9,"column":25},"end":{"line":15,"column":7}},"line":9}},"branchMap":{"0":{"loc":{"start":{"line":10,"column":8},"end":{"line":13,"column":9}},"type":"if","locations":[{"start":{"line":10,"column":8},"end":{"line":13,"column":9}},{"start":{},"end":{}}],"line":10}},"s":{"0":0,"1":0,"2":0,"3":0},"f":{"0":0,"1":0},"b":{"0":[0,0]}}
,"C:\\Users\\Gaby\\ReactNative\\my-app\\components\\PokeApp.tsx": {"path":"C:\\Users\\Gaby\\ReactNative\\my-app\\components\\PokeApp.tsx","statementMap":{"0":{"start":{"line":14,"column":26},"end":{"line":76,"column":1}},"1":{"start":{"line":15,"column":21},"end":{"line":15,"column":47}},"2":{"start":{"line":16,"column":24},"end":{"line":16,"column":84}},"3":{"start":{"line":16,"column":58},"end":{"line":16,"column":83}},"4":{"start":{"line":17,"column":52},"end":{"line":17,"column":116}},"5":{"start":{"line":17,"column":86},"end":{"line":17,"column":115}},"6":{"start":{"line":18,"column":25},"end":{"line":18,"column":78}},"7":{"start":{"line":18,"column":59},"end":{"line":18,"column":77}},"8":{"start":{"line":19,"column":30},"end":{"line":19,"column":87}},"9":{"start":{"line":19,"column":64},"end":{"line":19,"column":86}},"10":{"start":{"line":20,"column":29},"end":{"line":20,"column":89}},"11":{"start":{"line":20,"column":63},"end":{"line":20,"column":88}},"12":{"start":{"line":21,"column":30},"end":{"line":21,"column":51}},"13":{"start":{"line":22,"column":24},"end":{"line":22,"column":38}},"14":{"start":{"line":23,"column":42},"end":{"line":23,"column":54}},"15":{"start":{"line":25,"column":4},"end":{"line":27,"column":25}},"16":{"start":{"line":26,"column":8},"end":{"line":26,"column":38}},"17":{"start":{"line":29,"column":47},"end":{"line":29,"column":97}},"18":{"start":{"line":31,"column":32},"end":{"line":35,"column":5}},"19":{"start":{"line":32,"column":25},"end":{"line":32,"column":76}},"20":{"start":{"line":32,"column":53},"end":{"line":32,"column":75}},"21":{"start":{"line":33,"column":8},"end":{"line":33,"column":63}},"22":{"start":{"line":34,"column":8},"end":{"line":34,"column":47}},"23":{"start":{"line":37,"column":21},"end":{"line":39,"column":5}},"24":{"start":{"line":38,"column":8},"end":{"line":38,"column":34}},"25":{"start":{"line":41,"column":22},"end":{"line":43,"column":5}},"26":{"start":{"line":42,"column":8},"end":{"line":42,"column":35}},"27":{"start":{"line":45,"column":4},"end":{"line":75,"column":6}},"28":{"start":{"line":78,"column":15},"end":{"line":97,"column":2}}},"fnMap":{"0":{"name":"(anonymous_0)","decl":{"start":{"line":14,"column":26},"end":{"line":14,"column":27}},"loc":{"start":{"line":14,"column":32},"end":{"line":76,"column":1}},"line":14},"1":{"name":"(anonymous_1)","decl":{"start":{"line":16,"column":36},"end":{"line":16,"column":37}},"loc":{"start":{"line":16,"column":58},"end":{"line":16,"column":83}},"line":16},"2":{"name":"(anonymous_2)","decl":{"start":{"line":17,"column":64},"end":{"line":17,"column":65}},"loc":{"start":{"line":17,"column":86},"end":{"line":17,"column":115}},"line":17},"3":{"name":"(anonymous_3)","decl":{"start":{"line":18,"column":37},"end":{"line":18,"column":38}},"loc":{"start":{"line":18,"column":59},"end":{"line":18,"column":77}},"line":18},"4":{"name":"(anonymous_4)","decl":{"start":{"line":19,"column":42},"end":{"line":19,"column":43}},"loc":{"start":{"line":19,"column":64},"end":{"line":19,"column":86}},"line":19},"5":{"name":"(anonymous_5)","decl":{"start":{"line":20,"column":41},"end":{"line":20,"column":42}},"loc":{"start":{"line":20,"column":63},"end":{"line":20,"column":88}},"line":20},"6":{"name":"(anonymous_6)","decl":{"start":{"line":25,"column":14},"end":{"line":25,"column":15}},"loc":{"start":{"line":25,"column":20},"end":{"line":27,"column":5}},"line":25},"7":{"name":"(anonymous_7)","decl":{"start":{"line":31,"column":32},"end":{"line":31,"column":33}},"loc":{"start":{"line":31,"column":71},"end":{"line":35,"column":5}},"line":31},"8":{"name":"(anonymous_8)","decl":{"start":{"line":32,"column":42},"end":{"line":32,"column":43}},"loc":{"start":{"line":32,"column":53},"end":{"line":32,"column":75}},"line":32},"9":{"name":"(anonymous_9)","decl":{"start":{"line":37,"column":21},"end":{"line":37,"column":22}},"loc":{"start":{"line":37,"column":33},"end":{"line":39,"column":5}},"line":37},"10":{"name":"(anonymous_10)","decl":{"start":{"line":41,"column":22},"end":{"line":41,"column":23}},"loc":{"start":{"line":41,"column":34},"end":{"line":43,"column":5}},"line":41}},"branchMap":{"0":{"loc":{"start":{"line":46,"column":51},"end":{"line":46,"column":72}},"type":"cond-expr","locations":[{"start":{"line":46,"column":65},"end":{"line":46,"column":67}},{"start":{"line":46,"column":70},"end":{"line":46,"column":72}}],"line":46},"1":{"loc":{"start":{"line":48,"column":13},"end":{"line":50,"column":13}},"type":"binary-expr","locations":[{"start":{"line":48,"column":13},"end":{"line":48,"column":20}},{"start":{"line":49,"column":16},"end":{"line":49,"column":50}}],"line":48},"2":{"loc":{"start":{"line":51,"column":13},"end":{"line":64,"column":13}},"type":"binary-expr","locations":[{"start":{"line":51,"column":13},"end":{"line":51,"column":21}},{"start":{"line":52,"column":16},"end":{"line":63,"column":23}}],"line":51},"3":{"loc":{"start":{"line":58,"column":21},"end":{"line":62,"column":21}},"type":"binary-expr","locations":[{"start":{"line":58,"column":21},"end":{"line":58,"column":50}},{"start":{"line":59,"column":24},"end":{"line":61,"column":31}}],"line":58},"4":{"loc":{"start":{"line":65,"column":13},"end":{"line":70,"column":13}},"type":"binary-expr","locations":[{"start":{"line":65,"column":13},"end":{"line":65,"column":21}},{"start":{"line":66,"column":16},"end":{"line":69,"column":23}}],"line":65}},"s":{"0":0,"1":0,"2":0,"3":0,"4":0,"5":0,"6":0,"7":0,"8":0,"9":0,"10":0,"11":0,"12":0,"13":0,"14":0,"15":0,"16":0,"17":0,"18":0,"19":0,"20":0,"21":0,"22":0,"23":0,"24":0,"25":0,"26":0,"27":0,"28":0},"f":{"0":0,"1":0,"2":0,"3":0,"4":0,"5":0,"6":0,"7":0,"8":0,"9":0,"10":0},"b":{"0":[0,0],"1":[0,0],"2":[0,0],"3":[0,0],"4":[0,0]}}
,"C:\\Users\\Gaby\\ReactNative\\my-app\\components\\ui\\FloatingButton.tsx": {"path":"C:\\Users\\Gaby\\ReactNative\\my-app\\components\\ui\\FloatingButton.tsx","statementMap":{"0":{"start":{"line":9,"column":50},"end":{"line":31,"column":1}},"1":{"start":{"line":10,"column":40},"end":{"line":10,"column":60}},"2":{"start":{"line":12,"column":24},"end":{"line":14,"column":5}},"3":{"start":{"line":13,"column":8},"end":{"line":13,"column":20}},"4":{"start":{"line":16,"column":4},"end":{"line":30,"column":6}},"5":{"start":{"line":33,"column":15},"end":{"line":48,"column":2}}},"fnMap":{"0":{"name":"(anonymous_0)","decl":{"start":{"line":9,"column":50},"end":{"line":9,"column":51}},"loc":{"start":{"line":9,"column":69},"end":{"line":31,"column":1}},"line":9},"1":{"name":"(anonymous_1)","decl":{"start":{"line":12,"column":24},"end":{"line":12,"column":25}},"loc":{"start":{"line":12,"column":30},"end":{"line":14,"column":5}},"line":12}},"branchMap":{},"s":{"0":0,"1":0,"2":0,"3":0,"4":0,"5":0},"f":{"0":0,"1":0},"b":{}}
,"C:\\Users\\Gaby\\ReactNative\\my-app\\components\\ui\\IconSymbol.ios.tsx": {"path":"C:\\Users\\Gaby\\ReactNative\\my-app\\components\\ui\\IconSymbol.ios.tsx","statementMap":{"0":{"start":{"line":17,"column":2},"end":{"line":31,"column":4}}},"fnMap":{"0":{"name":"IconSymbol","decl":{"start":{"line":4,"column":16},"end":{"line":4,"column":26}},"loc":{"start":{"line":16,"column":3},"end":{"line":32,"column":1}},"line":16}},"branchMap":{"0":{"loc":{"start":{"line":6,"column":2},"end":{"line":6,"column":11}},"type":"default-arg","locations":[{"start":{"line":6,"column":9},"end":{"line":6,"column":11}}],"line":6},"1":{"loc":{"start":{"line":9,"column":2},"end":{"line":9,"column":20}},"type":"default-arg","locations":[{"start":{"line":9,"column":11},"end":{"line":9,"column":20}}],"line":9}},"s":{"0":0},"f":{"0":0},"b":{"0":[0],"1":[0]}}
,"C:\\Users\\Gaby\\ReactNative\\my-app\\components\\ui\\IconSymbol.tsx": {"path":"C:\\Users\\Gaby\\ReactNative\\my-app\\components\\ui\\IconSymbol.tsx","statementMap":{"0":{"start":{"line":9,"column":16},"end":{"line":21,"column":1}},"1":{"start":{"line":42,"column":2},"end":{"line":49,"column":4}}},"fnMap":{"0":{"name":"IconSymbol","decl":{"start":{"line":30,"column":16},"end":{"line":30,"column":26}},"loc":{"start":{"line":41,"column":3},"end":{"line":50,"column":1}},"line":41}},"branchMap":{"0":{"loc":{"start":{"line":32,"column":2},"end":{"line":32,"column":11}},"type":"default-arg","locations":[{"start":{"line":32,"column":9},"end":{"line":32,"column":11}}],"line":32}},"s":{"0":0,"1":0},"f":{"0":0},"b":{"0":[0]}}
,"C:\\Users\\Gaby\\ReactNative\\my-app\\components\\ui\\ModalError.tsx": {"path":"C:\\Users\\Gaby\\ReactNative\\my-app\\components\\ui\\ModalError.tsx","statementMap":{"0":{"start":{"line":5,"column":29},"end":{"line":26,"column":1}},"1":{"start":{"line":6,"column":42},"end":{"line":6,"column":56}},"2":{"start":{"line":7,"column":21},"end":{"line":9,"column":3}},"3":{"start":{"line":8,"column":4},"end":{"line":8,"column":27}},"4":{"start":{"line":11,"column":2},"end":{"line":25,"column":4}},"5":{"start":{"line":30,"column":15},"end":{"line":43,"column":2}}},"fnMap":{"0":{"name":"(anonymous_0)","decl":{"start":{"line":5,"column":29},"end":{"line":5,"column":30}},"loc":{"start":{"line":5,"column":35},"end":{"line":26,"column":1}},"line":5},"1":{"name":"(anonymous_1)","decl":{"start":{"line":7,"column":21},"end":{"line":7,"column":22}},"loc":{"start":{"line":7,"column":33},"end":{"line":9,"column":3}},"line":7}},"branchMap":{},"s":{"0":0,"1":0,"2":0,"3":0,"4":0,"5":0},"f":{"0":0,"1":0},"b":{}}
,"C:\\Users\\Gaby\\ReactNative\\my-app\\components\\ui\\PokeCard.tsx": {"path":"C:\\Users\\Gaby\\ReactNative\\my-app\\components\\ui\\PokeCard.tsx","statementMap":{"0":{"start":{"line":11,"column":41},"end":{"line":44,"column":1}},"1":{"start":{"line":12,"column":28},"end":{"line":12,"column":49}},"2":{"start":{"line":13,"column":22},"end":{"line":13,"column":36}},"3":{"start":{"line":15,"column":2},"end":{"line":43,"column":4}},"4":{"start":{"line":48,"column":15},"end":{"line":81,"column":2}}},"fnMap":{"0":{"name":"(anonymous_0)","decl":{"start":{"line":11,"column":41},"end":{"line":11,"column":42}},"loc":{"start":{"line":11,"column":62},"end":{"line":44,"column":1}},"line":11}},"branchMap":{"0":{"loc":{"start":{"line":16,"column":40},"end":{"line":16,"column":106}},"type":"cond-expr","locations":[{"start":{"line":16,"column":54},"end":{"line":16,"column":79}},{"start":{"line":16,"column":82},"end":{"line":16,"column":106}}],"line":16}},"s":{"0":2,"1":4,"2":4,"3":4,"4":2},"f":{"0":4},"b":{"0":[1,3]},"_coverageSchema":"1a1c01bbd47fc00a2c39e90264f33305004495a9","hash":"1f02443fc68d3fba3108a60f0ba895185ae9f29c"}
,"C:\\Users\\Gaby\\ReactNative\\my-app\\components\\ui\\PokemonList.tsx": {"path":"C:\\Users\\Gaby\\ReactNative\\my-app\\components\\ui\\PokemonList.tsx","statementMap":{"0":{"start":{"line":18,"column":48},"end":{"line":74,"column":1}},"1":{"start":{"line":23,"column":42},"end":{"line":23,"column":57}},"2":{"start":{"line":24,"column":28},"end":{"line":24,"column":49}},"3":{"start":{"line":25,"column":22},"end":{"line":25,"column":36}},"4":{"start":{"line":26,"column":22},"end":{"line":29,"column":3}},"5":{"start":{"line":27,"column":4},"end":{"line":27,"column":36}},"6":{"start":{"line":28,"column":4},"end":{"line":28,"column":26}},"7":{"start":{"line":31,"column":21},"end":{"line":33,"column":3}},"8":{"start":{"line":32,"column":4},"end":{"line":32,"column":27}},"9":{"start":{"line":35,"column":2},"end":{"line":73,"column":4}},"10":{"start":{"line":42,"column":32},"end":{"line":42,"column":41}},"11":{"start":{"line":44,"column":10},"end":{"line":52,"column":22}},"12":{"start":{"line":46,"column":27},"end":{"line":46,"column":49}},"13":{"start":{"line":78,"column":15},"end":{"line":114,"column":2}}},"fnMap":{"0":{"name":"(anonymous_0)","decl":{"start":{"line":18,"column":48},"end":{"line":18,"column":49}},"loc":{"start":{"line":22,"column":6},"end":{"line":74,"column":1}},"line":22},"1":{"name":"(anonymous_1)","decl":{"start":{"line":26,"column":22},"end":{"line":26,"column":23}},"loc":{"start":{"line":26,"column":53},"end":{"line":29,"column":3}},"line":26},"2":{"name":"(anonymous_2)","decl":{"start":{"line":31,"column":21},"end":{"line":31,"column":22}},"loc":{"start":{"line":31,"column":33},"end":{"line":33,"column":3}},"line":31},"3":{"name":"(anonymous_3)","decl":{"start":{"line":42,"column":22},"end":{"line":42,"column":23}},"loc":{"start":{"line":42,"column":32},"end":{"line":42,"column":41}},"line":42},"4":{"name":"(anonymous_4)","decl":{"start":{"line":43,"column":20},"end":{"line":43,"column":21}},"loc":{"start":{"line":44,"column":10},"end":{"line":52,"column":22}},"line":44},"5":{"name":"(anonymous_5)","decl":{"start":{"line":46,"column":21},"end":{"line":46,"column":22}},"loc":{"start":{"line":46,"column":27},"end":{"line":46,"column":49}},"line":46}},"branchMap":{"0":{"loc":{"start":{"line":36,"column":47},"end":{"line":36,"column":68}},"type":"cond-expr","locations":[{"start":{"line":36,"column":61},"end":{"line":36,"column":63}},{"start":{"line":36,"column":66},"end":{"line":36,"column":68}}],"line":36},"1":{"loc":{"start":{"line":37,"column":71},"end":{"line":37,"column":92}},"type":"cond-expr","locations":[{"start":{"line":37,"column":85},"end":{"line":37,"column":87}},{"start":{"line":37,"column":90},"end":{"line":37,"column":92}}],"line":37},"2":{"loc":{"start":{"line":45,"column":44},"end":{"line":45,"column":63}},"type":"cond-expr","locations":[{"start":{"line":45,"column":58},"end":{"line":45,"column":59}},{"start":{"line":45,"column":62},"end":{"line":45,"column":63}}],"line":45},"3":{"loc":{"start":{"line":48,"column":32},"end":{"line":48,"column":53}},"type":"cond-expr","locations":[{"start":{"line":48,"column":46},"end":{"line":48,"column":48}},{"start":{"line":48,"column":51},"end":{"line":48,"column":53}}],"line":48},"4":{"loc":{"start":{"line":49,"column":92},"end":{"line":49,"column":113}},"type":"cond-expr","locations":[{"start":{"line":49,"column":106},"end":{"line":49,"column":108}},{"start":{"line":49,"column":111},"end":{"line":49,"column":113}}],"line":49},"5":{"loc":{"start":{"line":55,"column":7},"end":{"line":71,"column":7}},"type":"binary-expr","locations":[{"start":{"line":55,"column":7},"end":{"line":55,"column":22}},{"start":{"line":56,"column":8},"end":{"line":70,"column":17}}],"line":55}},"s":{"0":1,"1":5,"2":5,"3":5,"4":5,"5":2,"6":2,"7":5,"8":0,"9":5,"10":13,"11":10,"12":2,"13":1},"f":{"0":5,"1":2,"2":0,"3":13,"4":10,"5":2},"b":{"0":[0,5],"1":[0,5],"2":[0,10],"3":[0,10],"4":[0,10],"5":[5,4]},"_coverageSchema":"1a1c01bbd47fc00a2c39e90264f33305004495a9","hash":"71868ab3a872535f9e4a6cb0ad1fed99826b41e8"}
,"C:\\Users\\Gaby\\ReactNative\\my-app\\components\\ui\\SearchBox.tsx": {"path":"C:\\Users\\Gaby\\ReactNative\\my-app\\components\\ui\\SearchBox.tsx","statementMap":{"0":{"start":{"line":10,"column":43},"end":{"line":23,"column":1}},"1":{"start":{"line":11,"column":20},"end":{"line":11,"column":41}},"2":{"start":{"line":13,"column":2},"end":{"line":22,"column":4}},"3":{"start":{"line":25,"column":15},"end":{"line":33,"column":2}}},"fnMap":{"0":{"name":"(anonymous_0)","decl":{"start":{"line":10,"column":43},"end":{"line":10,"column":44}},"loc":{"start":{"line":10,"column":78},"end":{"line":23,"column":1}},"line":10}},"branchMap":{"0":{"loc":{"start":{"line":19,"column":42},"end":{"line":19,"column":63}},"type":"cond-expr","locations":[{"start":{"line":19,"column":56},"end":{"line":19,"column":58}},{"start":{"line":19,"column":61},"end":{"line":19,"column":63}}],"line":19}},"s":{"0":1,"1":3,"2":3,"3":1},"f":{"0":3},"b":{"0":[0,3]},"_coverageSchema":"1a1c01bbd47fc00a2c39e90264f33305004495a9","hash":"ec965037138f0909a790f8b485b03200c0ef2207"}
,"C:\\Users\\Gaby\\ReactNative\\my-app\\components\\ui\\TabBarBackground.ios.tsx": {"path":"C:\\Users\\Gaby\\ReactNative\\my-app\\components\\ui\\TabBarBackground.ios.tsx","statementMap":{"0":{"start":{"line":7,"column":2},"end":{"line":15,"column":4}},"1":{"start":{"line":19,"column":20},"end":{"line":19,"column":43}},"2":{"start":{"line":20,"column":21},"end":{"line":20,"column":40}},"3":{"start":{"line":21,"column":2},"end":{"line":21,"column":28}}},"fnMap":{"0":{"name":"BlurTabBarBackground","decl":{"start":{"line":6,"column":24},"end":{"line":6,"column":44}},"loc":{"start":{"line":6,"column":47},"end":{"line":16,"column":1}},"line":6},"1":{"name":"useBottomTabOverflow","decl":{"start":{"line":18,"column":16},"end":{"line":18,"column":36}},"loc":{"start":{"line":18,"column":39},"end":{"line":22,"column":1}},"line":18}},"branchMap":{},"s":{"0":0,"1":0,"2":0,"3":0},"f":{"0":0,"1":0},"b":{}}
,"C:\\Users\\Gaby\\ReactNative\\my-app\\components\\ui\\TabBarBackground.tsx": {"path":"C:\\Users\\Gaby\\ReactNative\\my-app\\components\\ui\\TabBarBackground.tsx","statementMap":{"0":{"start":{"line":5,"column":2},"end":{"line":5,"column":11}}},"fnMap":{"0":{"name":"useBottomTabOverflow","decl":{"start":{"line":4,"column":16},"end":{"line":4,"column":36}},"loc":{"start":{"line":4,"column":39},"end":{"line":6,"column":1}},"line":4}},"branchMap":{},"s":{"0":0},"f":{"0":0},"b":{}}
,"C:\\Users\\Gaby\\ReactNative\\my-app\\constants\\Colors.ts": {"path":"C:\\Users\\Gaby\\ReactNative\\my-app\\constants\\Colors.ts","statementMap":{"0":{"start":{"line":6,"column":23},"end":{"line":6,"column":32}},"1":{"start":{"line":7,"column":22},"end":{"line":7,"column":28}},"2":{"start":{"line":9,"column":22},"end":{"line":26,"column":1}}},"fnMap":{},"branchMap":{},"s":{"0":0,"1":0,"2":0},"f":{},"b":{}}
,"C:\\Users\\Gaby\\ReactNative\\my-app\\hooks\\useColorScheme.ts": {"path":"C:\\Users\\Gaby\\ReactNative\\my-app\\hooks\\useColorScheme.ts","statementMap":{},"fnMap":{},"branchMap":{},"s":{},"f":{},"b":{}}
,"C:\\Users\\Gaby\\ReactNative\\my-app\\hooks\\useColorScheme.web.ts": {"path":"C:\\Users\\Gaby\\ReactNative\\my-app\\hooks\\useColorScheme.web.ts","statementMap":{"0":{"start":{"line":8,"column":40},"end":{"line":8,"column":55}},"1":{"start":{"line":10,"column":2},"end":{"line":12,"column":9}},"2":{"start":{"line":11,"column":4},"end":{"line":11,"column":25}},"3":{"start":{"line":14,"column":22},"end":{"line":14,"column":40}},"4":{"start":{"line":16,"column":2},"end":{"line":18,"column":3}},"5":{"start":{"line":17,"column":4},"end":{"line":17,"column":23}},"6":{"start":{"line":20,"column":2},"end":{"line":20,"column":17}}},"fnMap":{"0":{"name":"useColorScheme","decl":{"start":{"line":7,"column":16},"end":{"line":7,"column":30}},"loc":{"start":{"line":7,"column":33},"end":{"line":21,"column":1}},"line":7},"1":{"name":"(anonymous_1)","decl":{"start":{"line":10,"column":12},"end":{"line":10,"column":13}},"loc":{"start":{"line":10,"column":18},"end":{"line":12,"column":3}},"line":10}},"branchMap":{"0":{"loc":{"start":{"line":16,"column":2},"end":{"line":18,"column":3}},"type":"if","locations":[{"start":{"line":16,"column":2},"end":{"line":18,"column":3}},{"start":{},"end":{}}],"line":16}},"s":{"0":0,"1":0,"2":0,"3":0,"4":0,"5":0,"6":0},"f":{"0":0,"1":0},"b":{"0":[0,0]}}
,"C:\\Users\\Gaby\\ReactNative\\my-app\\hooks\\useThemeColor.ts": {"path":"C:\\Users\\Gaby\\ReactNative\\my-app\\hooks\\useThemeColor.ts","statementMap":{"0":{"start":{"line":13,"column":16},"end":{"line":13,"column":43}},"1":{"start":{"line":14,"column":25},"end":{"line":14,"column":37}},"2":{"start":{"line":16,"column":2},"end":{"line":20,"column":3}},"3":{"start":{"line":17,"column":4},"end":{"line":17,"column":26}},"4":{"start":{"line":19,"column":4},"end":{"line":19,"column":36}}},"fnMap":{"0":{"name":"useThemeColor","decl":{"start":{"line":9,"column":16},"end":{"line":9,"column":29}},"loc":{"start":{"line":12,"column":2},"end":{"line":21,"column":1}},"line":12}},"branchMap":{"0":{"loc":{"start":{"line":13,"column":16},"end":{"line":13,"column":43}},"type":"binary-expr","locations":[{"start":{"line":13,"column":16},"end":{"line":13,"column":32}},{"start":{"line":13,"column":36},"end":{"line":13,"column":43}}],"line":13},"1":{"loc":{"start":{"line":16,"column":2},"end":{"line":20,"column":3}},"type":"if","locations":[{"start":{"line":16,"column":2},"end":{"line":20,"column":3}},{"start":{"line":18,"column":9},"end":{"line":20,"column":3}}],"line":16}},"s":{"0":0,"1":0,"2":0,"3":0,"4":0},"f":{"0":0},"b":{"0":[0,0],"1":[0,0]}}
,"C:\\Users\\Gaby\\ReactNative\\my-app\\scripts\\reset-project.js": {"path":"C:\\Users\\Gaby\\ReactNative\\my-app\\scripts\\reset-project.js","statementMap":{"0":{"start":{"line":9,"column":11},"end":{"line":9,"column":24}},"1":{"start":{"line":10,"column":13},"end":{"line":10,"column":28}},"2":{"start":{"line":12,"column":13},"end":{"line":12,"column":26}},"3":{"start":{"line":13,"column":16},"end":{"line":13,"column":70}},"4":{"start":{"line":14,"column":15},"end":{"line":14,"column":28}},"5":{"start":{"line":15,"column":18},"end":{"line":15,"column":23}},"6":{"start":{"line":16,"column":19},"end":{"line":16,"column":42}},"7":{"start":{"line":18,"column":21},"end":{"line":33,"column":1}},"8":{"start":{"line":35,"column":22},"end":{"line":40,"column":1}},"9":{"start":{"line":42,"column":24},"end":{"line":82,"column":1}},"10":{"start":{"line":43,"column":2},"end":{"line":81,"column":3}},"11":{"start":{"line":45,"column":4},"end":{"line":45,"column":61}},"12":{"start":{"line":46,"column":4},"end":{"line":46,"column":52}},"13":{"start":{"line":49,"column":4},"end":{"line":58,"column":5}},"14":{"start":{"line":50,"column":25},"end":{"line":50,"column":45}},"15":{"start":{"line":51,"column":25},"end":{"line":51,"column":53}},"16":{"start":{"line":52,"column":6},"end":{"line":57,"column":7}},"17":{"start":{"line":53,"column":8},"end":{"line":53,"column":57}},"18":{"start":{"line":54,"column":8},"end":{"line":54,"column":62}},"19":{"start":{"line":56,"column":8},"end":{"line":56,"column":60}},"20":{"start":{"line":61,"column":26},"end":{"line":61,"column":52}},"21":{"start":{"line":62,"column":4},"end":{"line":62,"column":64}},"22":{"start":{"line":63,"column":4},"end":{"line":63,"column":52}},"23":{"start":{"line":66,"column":22},"end":{"line":66,"column":59}},"24":{"start":{"line":67,"column":4},"end":{"line":67,"column":57}},"25":{"start":{"line":68,"column":4},"end":{"line":68,"column":45}},"26":{"start":{"line":71,"column":23},"end":{"line":71,"column":62}},"27":{"start":{"line":72,"column":4},"end":{"line":72,"column":59}},"28":{"start":{"line":73,"column":4},"end":{"line":73,"column":47}},"29":{"start":{"line":75,"column":4},"end":{"line":75,"column":59}},"30":{"start":{"line":76,"column":4},"end":{"line":78,"column":6}},"31":{"start":{"line":80,"column":4},"end":{"line":80,"column":61}},"32":{"start":{"line":84,"column":0},"end":{"line":84,"column":18}}},"fnMap":{"0":{"name":"(anonymous_0)","decl":{"start":{"line":42,"column":24},"end":{"line":42,"column":25}},"loc":{"start":{"line":42,"column":36},"end":{"line":82,"column":1}},"line":42}},"branchMap":{"0":{"loc":{"start":{"line":52,"column":6},"end":{"line":57,"column":7}},"type":"if","locations":[{"start":{"line":52,"column":6},"end":{"line":57,"column":7}},{"start":{"line":55,"column":13},"end":{"line":57,"column":7}}],"line":52}},"s":{"0":0,"1":0,"2":0,"3":0,"4":0,"5":0,"6":0,"7":0,"8":0,"9":0,"10":0,"11":0,"12":0,"13":0,"14":0,"15":0,"16":0,"17":0,"18":0,"19":0,"20":0,"21":0,"22":0,"23":0,"24":0,"25":0,"26":0,"27":0,"28":0,"29":0,"30":0,"31":0,"32":0},"f":{"0":0},"b":{"0":[0,0]}}
,"C:\\Users\\Gaby\\ReactNative\\my-app\\store\\index.tsx": {"path":"C:\\Users\\Gaby\\ReactNative\\my-app\\store\\index.tsx","statementMap":{"0":{"start":{"line":13,"column":35},"end":{"line":19,"column":1}},"1":{"start":{"line":21,"column":29},"end":{"line":30,"column":4}},"2":{"start":{"line":24,"column":4},"end":{"line":29,"column":5}},"3":{"start":{"line":25,"column":23},"end":{"line":25,"column":56}},"4":{"start":{"line":26,"column":6},"end":{"line":26,"column":22}},"5":{"start":{"line":28,"column":6},"end":{"line":28,"column":36}},"6":{"start":{"line":32,"column":21},"end":{"line":67,"column":2}},"7":{"start":{"line":37,"column":6},"end":{"line":37,"column":41}},"8":{"start":{"line":40,"column":6},"end":{"line":40,"column":45}},"9":{"start":{"line":43,"column":6},"end":{"line":43,"column":22}},"10":{"start":{"line":46,"column":6},"end":{"line":46,"column":41}},"11":{"start":{"line":49,"column":6},"end":{"line":49,"column":38}},"12":{"start":{"line":53,"column":4},"end":{"line":65,"column":8}},"13":{"start":{"line":55,"column":8},"end":{"line":55,"column":33}},"14":{"start":{"line":56,"column":8},"end":{"line":56,"column":31}},"15":{"start":{"line":59,"column":8},"end":{"line":59,"column":34}},"16":{"start":{"line":60,"column":8},"end":{"line":60,"column":43}},"17":{"start":{"line":63,"column":8},"end":{"line":63,"column":34}},"18":{"start":{"line":64,"column":8},"end":{"line":64,"column":30}},"19":{"start":{"line":75,"column":4},"end":{"line":75,"column":24}},"20":{"start":{"line":77,"column":14},"end":{"line":81,"column":2}}},"fnMap":{"0":{"name":"(anonymous_0)","decl":{"start":{"line":23,"column":2},"end":{"line":23,"column":3}},"loc":{"start":{"line":23,"column":47},"end":{"line":30,"column":3}},"line":23},"1":{"name":"(anonymous_1)","decl":{"start":{"line":36,"column":4},"end":{"line":36,"column":5}},"loc":{"start":{"line":36,"column":56},"end":{"line":38,"column":5}},"line":36},"2":{"name":"(anonymous_2)","decl":{"start":{"line":39,"column":4},"end":{"line":39,"column":5}},"loc":{"start":{"line":39,"column":65},"end":{"line":41,"column":5}},"line":39},"3":{"name":"(anonymous_3)","decl":{"start":{"line":42,"column":4},"end":{"line":42,"column":5}},"loc":{"start":{"line":42,"column":25},"end":{"line":44,"column":5}},"line":42},"4":{"name":"(anonymous_4)","decl":{"start":{"line":45,"column":4},"end":{"line":45,"column":5}},"loc":{"start":{"line":45,"column":58},"end":{"line":47,"column":5}},"line":45},"5":{"name":"(anonymous_5)","decl":{"start":{"line":48,"column":4},"end":{"line":48,"column":5}},"loc":{"start":{"line":48,"column":55},"end":{"line":50,"column":5}},"line":48},"6":{"name":"(anonymous_6)","decl":{"start":{"line":52,"column":17},"end":{"line":52,"column":18}},"loc":{"start":{"line":52,"column":30},"end":{"line":66,"column":3}},"line":52},"7":{"name":"(anonymous_7)","decl":{"start":{"line":54,"column":38},"end":{"line":54,"column":39}},"loc":{"start":{"line":54,"column":49},"end":{"line":57,"column":7}},"line":54},"8":{"name":"(anonymous_8)","decl":{"start":{"line":58,"column":40},"end":{"line":58,"column":41}},"loc":{"start":{"line":58,"column":59},"end":{"line":61,"column":7}},"line":58},"9":{"name":"(anonymous_9)","decl":{"start":{"line":62,"column":39},"end":{"line":62,"column":40}},"loc":{"start":{"line":62,"column":58},"end":{"line":65,"column":7}},"line":62}},"branchMap":{},"s":{"0":0,"1":0,"2":0,"3":0,"4":0,"5":0,"6":0,"7":0,"8":0,"9":0,"10":0,"11":0,"12":0,"13":0,"14":0,"15":0,"16":0,"17":0,"18":0,"19":0,"20":0},"f":{"0":0,"1":0,"2":0,"3":0,"4":0,"5":0,"6":0,"7":0,"8":0,"9":0},"b":{}}
,"C:\\Users\\Gaby\\ReactNative\\my-app\\utils\\index.tsx": {"path":"C:\\Users\\Gaby\\ReactNative\\my-app\\utils\\index.tsx","statementMap":{},"fnMap":{},"branchMap":{},"s":{},"f":{},"b":{}}
,"C:\\Users\\Gaby\\ReactNative\\my-app\\utils\\interfaces.tsx": {"path":"C:\\Users\\Gaby\\ReactNative\\my-app\\utils\\interfaces.tsx","statementMap":{},"fnMap":{},"branchMap":{},"s":{},"f":{},"b":{}}
,"C:\\Users\\Gaby\\ReactNative\\my-app\\utils\\utils.tsx": {"path":"C:\\Users\\Gaby\\ReactNative\\my-app\\utils\\utils.tsx","statementMap":{"0":{"start":{"line":3,"column":26},"end":{"line":6,"column":1}},"1":{"start":{"line":4,"column":4},"end":{"line":5,"column":73}},"2":{"start":{"line":5,"column":8},"end":{"line":5,"column":71}}},"fnMap":{"0":{"name":"(anonymous_0)","decl":{"start":{"line":3,"column":26},"end":{"line":3,"column":27}},"loc":{"start":{"line":3,"column":103},"end":{"line":6,"column":1}},"line":3},"1":{"name":"(anonymous_1)","decl":{"start":{"line":4,"column":31},"end":{"line":4,"column":32}},"loc":{"start":{"line":5,"column":8},"end":{"line":5,"column":71}},"line":5}},"branchMap":{},"s":{"0":1,"1":3,"2":9},"f":{"0":3,"1":9},"b":{},"_coverageSchema":"1a1c01bbd47fc00a2c39e90264f33305004495a9","hash":"88edc69b9ef71d4abaebf0f675821fa6f4eabae9"}
}
